#
# There is insufficient memory for the Java Runtime Environment to continue.
# Native memory allocation (malloc) failed to allocate 1747872 bytes. Error detail: Chunk::new
# Possible reasons:
#   The system is out of physical RAM or swap space
#   This process is running with CompressedOops enabled, and the Java Heap may be blocking the growth of the native heap
# Possible solutions:
#   Reduce memory load on the system
#   Increase physical memory or swap space
#   Check if swap backing store is full
#   Decrease Java heap size (-Xmx/-Xms)
#   Decrease number of Java threads
#   Decrease Java thread stack sizes (-Xss)
#   Set larger code cache with -XX:ReservedCodeCacheSize=
#   JVM is running with Unscaled Compressed Oops mode in which the Java heap is
#     placed in the first 4GB address space. The Java Heap base address is the
#     maximum limit for the native heap growth. Please use -XX:HeapBaseMinAddress
#     to set the Java Heap base and to place the Java Heap above 4GB virtual address.
# This output file may be truncated or incomplete.
#
#  Out of Memory Error (arena.cpp:168), pid=14932, tid=16188
#
# JRE version: OpenJDK Runtime Environment Temurin-21.0.7+6 (21.0.7+6) (build 21.0.7+6-LTS)
# Java VM: OpenJDK 64-Bit Server VM Temurin-21.0.7+6 (21.0.7+6-LTS, mixed mode, sharing, tiered, compressed oops, compressed class ptrs, parallel gc, windows-amd64)
# No core dump will be written. Minidumps are not enabled by default on client versions of Windows
#

---------------  S U M M A R Y ------------

Command Line: --add-modules=ALL-SYSTEM --add-opens=java.base/java.util=ALL-UNNAMED --add-opens=java.base/java.lang=ALL-UNNAMED --add-opens=java.base/sun.nio.fs=ALL-UNNAMED -Declipse.application=org.eclipse.jdt.ls.core.id1 -Dosgi.bundles.defaultStartLevel=4 -Declipse.product=org.eclipse.jdt.ls.core.product -Djava.import.generatesMetadataFilesAtProjectRoot=false -DDetectVMInstallationsJob.disabled=true -Dfile.encoding=utf8 -XX:+UseParallelGC -XX:GCTimeRatio=4 -XX:AdaptiveSizePolicyWeight=90 -Dsun.zip.disableMemoryMapping=true -Xmx1G -Xms100m -Xlog:disable -javaagent:c:\Users\smhrd1\.vscode\extensions\redhat.java-1.42.0-win32-x64\lombok\lombok-1.18.36.jar c:\Users\smhrd1\.vscode\extensions\redhat.java-1.42.0-win32-x64\server\plugins\org.eclipse.equinox.launcher_1.7.0.v20250424-1814.jar -configuration c:\Users\smhrd1\AppData\Roaming\Code\User\globalStorage\redhat.java\1.42.0\config_ss_win -data c:\Users\smhrd1\AppData\Roaming\Code\User\workspaceStorage\26beed1fdc61ede829de1ffe0dcefc2a\redhat.java\ss_ws --pipe=\\.\pipe\lsp-fcd7340d5a1a63130fa552678f0400b5-sock

Host: 12th Gen Intel(R) Core(TM) i7-12700H, 20 cores, 15G,  Windows 11 , 64 bit Build 26100 (10.0.26100.3912)
Time: Mon Jun  2 14:12:42 2025  Windows 11 , 64 bit Build 26100 (10.0.26100.3912) elapsed time: 2.660151 seconds (0d 0h 0m 2s)

---------------  T H R E A D  ---------------

Current thread (0x00000246731d3c10):  JavaThread "C2 CompilerThread2" daemon [_thread_in_native, id=16188, stack(0x0000005e7b100000,0x0000005e7b200000) (1024K)]


Current CompileTask:
C2:2660 3511       4       java.lang.invoke.MethodType::makeImpl (109 bytes)

Stack: [0x0000005e7b100000,0x0000005e7b200000]
Native frames: (J=compiled Java code, j=interpreted, Vv=VM code, C=native code)
V  [jvm.dll+0x6ce119]
V  [jvm.dll+0x8a84a1]
V  [jvm.dll+0x8aa9ce]
V  [jvm.dll+0x8ab0b3]
V  [jvm.dll+0x27f8a6]
V  [jvm.dll+0xc507d]
V  [jvm.dll+0xc55b3]
V  [jvm.dll+0x3b692c]
V  [jvm.dll+0x382aa5]
V  [jvm.dll+0x381f0a]
V  [jvm.dll+0x247af0]
V  [jvm.dll+0x2470cf]
V  [jvm.dll+0x1c760e]
V  [jvm.dll+0x25695a]
V  [jvm.dll+0x254efa]
V  [jvm.dll+0x3f03f6]
V  [jvm.dll+0x851f6b]
V  [jvm.dll+0x6cc7dd]
C  [ucrtbase.dll+0x37b0]
C  [KERNEL32.DLL+0x2e8d7]
C  [ntdll.dll+0x9c5dc]


---------------  P R O C E S S  ---------------

Threads class SMR info:
_java_thread_list=0x00000246745afd20, length=45, elements={
0x000002461654bab0, 0x000002462a93d9d0, 0x000002462a93e520, 0x000002466cf9bdd0,
0x000002466cf9ca20, 0x000002466cfa13d0, 0x000002466cfa8d20, 0x000002466cfb0ca0,
0x000002466cfb3150, 0x000002466d03b300, 0x000002466d03bdb0, 0x000002466d0f8a60,
0x000002466d121470, 0x000002466d2a5690, 0x0000024673081b10, 0x00000246731d3c10,
0x0000024673afbd60, 0x0000024673c64c90, 0x0000024673c652f0, 0x0000024673c65950,
0x0000024673c673c0, 0x0000024673947160, 0x000002467394a190, 0x000002467393ffd0,
0x000002467393d600, 0x000002467393c250, 0x000002467393cf70, 0x000002467393e320,
0x000002467393dc90, 0x000002467393aea0, 0x000002467393b530, 0x000002467393bbc0,
0x000002467393c8e0, 0x0000024673dc1eb0, 0x0000024673dc2540, 0x0000024673dc2bd0,
0x0000024673dbfde0, 0x0000024673dc0470, 0x0000024673dc1820, 0x0000024673dc3260,
0x0000024673dc0b00, 0x0000024673dc38f0, 0x0000024673dc3f80, 0x0000024673dc4610,
0x0000024673dc1190
}

Java Threads: ( => current thread )
  0x000002461654bab0 JavaThread "main"                              [_thread_blocked, id=12368, stack(0x0000005e79f00000,0x0000005e7a000000) (1024K)]
  0x000002462a93d9d0 JavaThread "Reference Handler"          daemon [_thread_blocked, id=31460, stack(0x0000005e7a300000,0x0000005e7a400000) (1024K)]
  0x000002462a93e520 JavaThread "Finalizer"                  daemon [_thread_blocked, id=1964, stack(0x0000005e7a400000,0x0000005e7a500000) (1024K)]
  0x000002466cf9bdd0 JavaThread "Signal Dispatcher"          daemon [_thread_blocked, id=18664, stack(0x0000005e7a500000,0x0000005e7a600000) (1024K)]
  0x000002466cf9ca20 JavaThread "Attach Listener"            daemon [_thread_blocked, id=29196, stack(0x0000005e7a600000,0x0000005e7a700000) (1024K)]
  0x000002466cfa13d0 JavaThread "Service Thread"             daemon [_thread_blocked, id=4372, stack(0x0000005e7a700000,0x0000005e7a800000) (1024K)]
  0x000002466cfa8d20 JavaThread "Monitor Deflation Thread"   daemon [_thread_blocked, id=29784, stack(0x0000005e7a800000,0x0000005e7a900000) (1024K)]
  0x000002466cfb0ca0 JavaThread "C2 CompilerThread0"         daemon [_thread_blocked, id=9772, stack(0x0000005e7a900000,0x0000005e7aa00000) (1024K)]
  0x000002466cfb3150 JavaThread "C1 CompilerThread0"         daemon [_thread_blocked, id=12596, stack(0x0000005e7aa00000,0x0000005e7ab00000) (1024K)]
  0x000002466d03b300 JavaThread "C1 CompilerThread1"         daemon [_thread_blocked, id=6784, stack(0x0000005e7ab00000,0x0000005e7ac00000) (1024K)]
  0x000002466d03bdb0 JavaThread "C1 CompilerThread2"         daemon [_thread_blocked, id=11404, stack(0x0000005e7ac00000,0x0000005e7ad00000) (1024K)]
  0x000002466d0f8a60 JavaThread "Common-Cleaner"             daemon [_thread_blocked, id=29632, stack(0x0000005e7ad00000,0x0000005e7ae00000) (1024K)]
  0x000002466d121470 JavaThread "C2 CompilerThread1"         daemon [_thread_blocked, id=10228, stack(0x0000005e7ae00000,0x0000005e7af00000) (1024K)]
  0x000002466d2a5690 JavaThread "C1 CompilerThread3"         daemon [_thread_blocked, id=22576, stack(0x0000005e7af00000,0x0000005e7b000000) (1024K)]
  0x0000024673081b10 JavaThread "Notification Thread"        daemon [_thread_blocked, id=28100, stack(0x0000005e7b000000,0x0000005e7b100000) (1024K)]
=>0x00000246731d3c10 JavaThread "C2 CompilerThread2"         daemon [_thread_in_native, id=16188, stack(0x0000005e7b100000,0x0000005e7b200000) (1024K)]
  0x0000024673afbd60 JavaThread "Equinox resolver thread - Equinox Container: bcfd4c02-556e-4b40-a3da-c93667410930" daemon [_thread_blocked, id=29320, stack(0x0000005e7b800000,0x0000005e7b900000) (1024K)]
  0x0000024673c64c90 JavaThread "Equinox resolver thread - Equinox Container: bcfd4c02-556e-4b40-a3da-c93667410930" daemon [_thread_blocked, id=15448, stack(0x0000005e7b900000,0x0000005e7ba00000) (1024K)]
  0x0000024673c652f0 JavaThread "Equinox resolver thread - Equinox Container: bcfd4c02-556e-4b40-a3da-c93667410930" daemon [_thread_blocked, id=16100, stack(0x0000005e7ba00000,0x0000005e7bb00000) (1024K)]
  0x0000024673c65950 JavaThread "Equinox resolver thread - Equinox Container: bcfd4c02-556e-4b40-a3da-c93667410930" daemon [_thread_blocked, id=16956, stack(0x0000005e7bb00000,0x0000005e7bc00000) (1024K)]
  0x0000024673c673c0 JavaThread "Equinox resolver thread - Equinox Container: bcfd4c02-556e-4b40-a3da-c93667410930" daemon [_thread_blocked, id=29080, stack(0x0000005e7bc00000,0x0000005e7bd00000) (1024K)]
  0x0000024673947160 JavaThread "Equinox resolver thread - Equinox Container: bcfd4c02-556e-4b40-a3da-c93667410930" daemon [_thread_blocked, id=19920, stack(0x0000005e7bd00000,0x0000005e7be00000) (1024K)]
  0x000002467394a190 JavaThread "Active Thread: Equinox Container: bcfd4c02-556e-4b40-a3da-c93667410930"        [_thread_blocked, id=24836, stack(0x0000005e7be00000,0x0000005e7bf00000) (1024K)]
  0x000002467393ffd0 JavaThread "Framework Event Dispatcher: Equinox Container: bcfd4c02-556e-4b40-a3da-c93667410930" daemon [_thread_blocked, id=25656, stack(0x0000005e7c000000,0x0000005e7c100000) (1024K)]
  0x000002467393d600 JavaThread "Start Level: Equinox Container: bcfd4c02-556e-4b40-a3da-c93667410930" daemon [_thread_in_native, id=25564, stack(0x0000005e7c100000,0x0000005e7c200000) (1024K)]
  0x000002467393c250 JavaThread "Refresh Thread: Equinox Container: bcfd4c02-556e-4b40-a3da-c93667410930" daemon [_thread_blocked, id=21468, stack(0x0000005e7c200000,0x0000005e7c300000) (1024K)]
  0x000002467393cf70 JavaThread "Equinox resolver thread - Equinox Container: bcfd4c02-556e-4b40-a3da-c93667410930" daemon [_thread_blocked, id=23112, stack(0x0000005e7c300000,0x0000005e7c400000) (1024K)]
  0x000002467393e320 JavaThread "Equinox resolver thread - Equinox Container: bcfd4c02-556e-4b40-a3da-c93667410930" daemon [_thread_blocked, id=4400, stack(0x0000005e7c400000,0x0000005e7c500000) (1024K)]
  0x000002467393dc90 JavaThread "Equinox resolver thread - Equinox Container: bcfd4c02-556e-4b40-a3da-c93667410930" daemon [_thread_blocked, id=23704, stack(0x0000005e7c500000,0x0000005e7c600000) (1024K)]
  0x000002467393aea0 JavaThread "Equinox resolver thread - Equinox Container: bcfd4c02-556e-4b40-a3da-c93667410930" daemon [_thread_blocked, id=30072, stack(0x0000005e7c600000,0x0000005e7c700000) (1024K)]
  0x000002467393b530 JavaThread "Equinox resolver thread - Equinox Container: bcfd4c02-556e-4b40-a3da-c93667410930" daemon [_thread_blocked, id=21084, stack(0x0000005e7c700000,0x0000005e7c800000) (1024K)]
  0x000002467393bbc0 JavaThread "Equinox resolver thread - Equinox Container: bcfd4c02-556e-4b40-a3da-c93667410930" daemon [_thread_blocked, id=27132, stack(0x0000005e7c800000,0x0000005e7c900000) (1024K)]
  0x000002467393c8e0 JavaThread "Equinox resolver thread - Equinox Container: bcfd4c02-556e-4b40-a3da-c93667410930" daemon [_thread_blocked, id=22136, stack(0x0000005e7c900000,0x0000005e7ca00000) (1024K)]
  0x0000024673dc1eb0 JavaThread "Equinox resolver thread - Equinox Container: bcfd4c02-556e-4b40-a3da-c93667410930" daemon [_thread_blocked, id=13608, stack(0x0000005e7ca00000,0x0000005e7cb00000) (1024K)]
  0x0000024673dc2540 JavaThread "Equinox resolver thread - Equinox Container: bcfd4c02-556e-4b40-a3da-c93667410930" daemon [_thread_blocked, id=5984, stack(0x0000005e7cb00000,0x0000005e7cc00000) (1024K)]
  0x0000024673dc2bd0 JavaThread "Equinox resolver thread - Equinox Container: bcfd4c02-556e-4b40-a3da-c93667410930" daemon [_thread_blocked, id=14676, stack(0x0000005e7cc00000,0x0000005e7cd00000) (1024K)]
  0x0000024673dbfde0 JavaThread "Equinox resolver thread - Equinox Container: bcfd4c02-556e-4b40-a3da-c93667410930" daemon [_thread_blocked, id=16656, stack(0x0000005e7cd00000,0x0000005e7ce00000) (1024K)]
  0x0000024673dc0470 JavaThread "Equinox resolver thread - Equinox Container: bcfd4c02-556e-4b40-a3da-c93667410930" daemon [_thread_blocked, id=5300, stack(0x0000005e7ce00000,0x0000005e7cf00000) (1024K)]
  0x0000024673dc1820 JavaThread "Equinox resolver thread - Equinox Container: bcfd4c02-556e-4b40-a3da-c93667410930" daemon [_thread_blocked, id=14852, stack(0x0000005e7cf00000,0x0000005e7d000000) (1024K)]
  0x0000024673dc3260 JavaThread "Equinox resolver thread - Equinox Container: bcfd4c02-556e-4b40-a3da-c93667410930" daemon [_thread_blocked, id=20680, stack(0x0000005e7d000000,0x0000005e7d100000) (1024K)]
  0x0000024673dc0b00 JavaThread "SCR Component Actor"        daemon [_thread_blocked, id=7192, stack(0x0000005e7d200000,0x0000005e7d300000) (1024K)]
  0x0000024673dc38f0 JavaThread "SCR Component Registry"     daemon [_thread_blocked, id=12592, stack(0x0000005e7d300000,0x0000005e7d400000) (1024K)]
  0x0000024673dc3f80 JavaThread "Worker-JM"                         [_thread_blocked, id=17652, stack(0x0000005e7d600000,0x0000005e7d700000) (1024K)]
  0x0000024673dc4610 JavaThread "Worker-0"                          [_thread_blocked, id=12812, stack(0x0000005e7d700000,0x0000005e7d800000) (1024K)]
  0x0000024673dc1190 JavaThread "Worker-1"                          [_thread_blocked, id=18932, stack(0x0000005e7d800000,0x0000005e7d900000) (1024K)]
Total: 45

Other Threads:
  0x000002462a921e80 VMThread "VM Thread"                           [id=3436, stack(0x0000005e7a200000,0x0000005e7a300000) (1024K)]
  0x000002462a81ca00 WatcherThread "VM Periodic Task Thread"        [id=28844, stack(0x0000005e7a100000,0x0000005e7a200000) (1024K)]
  0x000002461656a790 WorkerThread "GC Thread#0"                     [id=29808, stack(0x0000005e7a000000,0x0000005e7a100000) (1024K)]
  0x0000024673aa0bf0 WorkerThread "GC Thread#1"                     [id=2820, stack(0x0000005e7b200000,0x0000005e7b300000) (1024K)]
  0x000002467351bc60 WorkerThread "GC Thread#2"                     [id=10508, stack(0x0000005e7b300000,0x0000005e7b400000) (1024K)]
  0x000002467351c000 WorkerThread "GC Thread#3"                     [id=28716, stack(0x0000005e7b400000,0x0000005e7b500000) (1024K)]
  0x000002467351c3a0 WorkerThread "GC Thread#4"                     [id=23084, stack(0x0000005e7b500000,0x0000005e7b600000) (1024K)]
  0x000002467351c740 WorkerThread "GC Thread#5"                     [id=2724, stack(0x0000005e7b600000,0x0000005e7b700000) (1024K)]
  0x000002467351cae0 WorkerThread "GC Thread#6"                     [id=28736, stack(0x0000005e7b700000,0x0000005e7b800000) (1024K)]
  0x0000024673c4e750 WorkerThread "GC Thread#7"                     [id=15844, stack(0x0000005e7bf00000,0x0000005e7c000000) (1024K)]
  0x0000024673d5f2a0 WorkerThread "GC Thread#8"                     [id=14368, stack(0x0000005e7d100000,0x0000005e7d200000) (1024K)]
  0x0000024673d5f640 WorkerThread "GC Thread#9"                     [id=15424, stack(0x0000005e7d400000,0x0000005e7d500000) (1024K)]
  0x0000024673d5f9e0 WorkerThread "GC Thread#10"                    [id=19988, stack(0x0000005e7d500000,0x0000005e7d600000) (1024K)]
  0x0000024673d60120 WorkerThread "GC Thread#11"                    [id=25024, stack(0x0000005e7d900000,0x0000005e7da00000) (1024K)]
  0x0000024673d604c0 WorkerThread "GC Thread#12"                    [id=20696, stack(0x0000005e7da00000,0x0000005e7db00000) (1024K)]
  0x0000024673f5e7e0 WorkerThread "GC Thread#13"                    [id=22700, stack(0x0000005e7db00000,0x0000005e7dc00000) (1024K)]
  0x0000024673f60fc0 WorkerThread "GC Thread#14"                    [id=21552, stack(0x0000005e7dc00000,0x0000005e7dd00000) (1024K)]
Total: 17

Threads with active compile tasks:
C2 CompilerThread2  2682 3511       4       java.lang.invoke.MethodType::makeImpl (109 bytes)
Total: 1

VM state: not at safepoint (normal execution)

VM Mutex/Monitor currently owned by a thread: None

Heap address: 0x00000000c0000000, size: 1024 MB, Compressed Oops mode: 32-bit

CDS archive(s) mapped at: [0x000002462b000000-0x000002462bba0000-0x000002462bba0000), size 12189696, SharedBaseAddress: 0x000002462b000000, ArchiveRelocationMode: 1.
Compressed class space mapped at: 0x000002462c000000-0x000002466c000000, reserved size: 1073741824
Narrow klass base: 0x000002462b000000, Narrow klass shift: 0, Narrow klass range: 0x100000000

GC Precious Log:
 CardTable entry size: 512
 CPUs: 20 total, 20 available
 Memory: 16049M
 Large Page Support: Disabled
 NUMA Support: Disabled
 Compressed Oops: Enabled (32-bit)
 Alignments: Space 512K, Generation 512K, Heap 2M
 Heap Min Capacity: 100M
 Heap Initial Capacity: 100M
 Heap Max Capacity: 1G
 Pre-touch: Disabled
 Parallel Workers: 15

Heap:
 PSYoungGen      total 29184K, used 20644K [0x00000000eab00000, 0x00000000ed080000, 0x0000000100000000)
  eden space 25088K, 65% used [0x00000000eab00000,0x00000000ebb29ca8,0x00000000ec380000)
  from space 4096K, 99% used [0x00000000ec400000,0x00000000ec7ff738,0x00000000ec800000)
  to   space 6656K, 0% used [0x00000000eca00000,0x00000000eca00000,0x00000000ed080000)
 ParOldGen       total 68608K, used 6779K [0x00000000c0000000, 0x00000000c4300000, 0x00000000eab00000)
  object space 68608K, 9% used [0x00000000c0000000,0x00000000c069ed78,0x00000000c4300000)
 Metaspace       used 19299K, committed 19904K, reserved 1114112K
  class space    used 1822K, committed 2112K, reserved 1048576K

Card table byte_map: [0x0000024615e00000,0x0000024616010000] _byte_map_base: 0x0000024615800000

Marking Bits: (ParMarkBitMap*) 0x00007ffe0c1f31f0
 Begin Bits: [0x0000024628740000, 0x0000024629740000)
 End Bits:   [0x0000024629740000, 0x000002462a740000)

Polling page: 0x00000246142a0000

Metaspace:

Usage:
  Non-class:     17.07 MB used.
      Class:      1.78 MB used.
       Both:     18.85 MB used.

Virtual space:
  Non-class space:       64.00 MB reserved,      17.38 MB ( 27%) committed,  1 nodes.
      Class space:        1.00 GB reserved,       2.06 MB ( <1%) committed,  1 nodes.
             Both:        1.06 GB reserved,      19.44 MB (  2%) committed. 

Chunk freelists:
   Non-Class:  14.53 MB
       Class:  13.77 MB
        Both:  28.30 MB

MaxMetaspaceSize: unlimited
CompressedClassSpaceSize: 1.00 GB
Initial GC threshold: 21.00 MB
Current GC threshold: 21.00 MB
CDS: on
 - commit_granule_bytes: 65536.
 - commit_granule_words: 8192.
 - virtual_space_node_default_size: 8388608.
 - enlarge_chunks_in_place: 1.
 - use_allocation_guard: 0.


Internal statistics:

num_allocs_failed_limit: 0.
num_arena_births: 466.
num_arena_deaths: 0.
num_vsnodes_births: 2.
num_vsnodes_deaths: 0.
num_space_committed: 311.
num_space_uncommitted: 0.
num_chunks_returned_to_freelist: 0.
num_chunks_taken_from_freelist: 1106.
num_chunk_merges: 0.
num_chunk_splits: 747.
num_chunks_enlarged: 498.
num_inconsistent_stats: 0.

CodeHeap 'non-profiled nmethods': size=119168Kb used=1433Kb max_used=1433Kb free=117734Kb
 bounds [0x00000246212e0000, 0x0000024621550000, 0x0000024628740000]
CodeHeap 'profiled nmethods': size=119104Kb used=7366Kb max_used=7366Kb free=111737Kb
 bounds [0x0000024619740000, 0x0000024619e80000, 0x0000024620b90000]
CodeHeap 'non-nmethods': size=7488Kb used=2957Kb max_used=2989Kb free=4530Kb
 bounds [0x0000024620b90000, 0x0000024620e80000, 0x00000246212e0000]
 total_blobs=4059 nmethods=3516 adapters=446
 compilation: enabled
              stopped_count=0, restarted_count=0
 full_count=0

Compilation events (20 events):
Event: 1.585 Thread 0x000002466d2a5690 3507       3       org.lombokweb.asm.SymbolTable::addConstant (314 bytes)
Event: 1.585 Thread 0x000002466d03bdb0 3508       3       org.lombokweb.asm.MethodVisitor::visitLabel (16 bytes)
Event: 1.585 Thread 0x000002466cfb3150 3509       3       org.lombokweb.asm.MethodVisitor::visitLineNumber (17 bytes)
Event: 1.585 Thread 0x000002466d03bdb0 nmethod 3508 0x0000024619e69d90 code [0x0000024619e69f40, 0x0000024619e6a148]
Event: 1.585 Thread 0x000002466d03b300 nmethod 3506 0x0000024619e6a210 code [0x0000024619e6a420, 0x0000024619e6ab10]
Event: 1.585 Thread 0x000002466cfb3150 nmethod 3509 0x0000024619e6ae10 code [0x0000024619e6afc0, 0x0000024619e6b1c8]
Event: 1.586 Thread 0x000002466d2a5690 nmethod 3507 0x0000024619e6b290 code [0x0000024619e6b840, 0x0000024619e6e9e8]
Event: 1.589 Thread 0x000002466d2a5690 3510       3       java.util.concurrent.ConcurrentHashMap::remove (32 bytes)
Event: 1.589 Thread 0x000002466d2a5690 nmethod 3510 0x0000024619e6f510 code [0x0000024619e6f6e0, 0x0000024619e6f9a8]
Event: 1.593 Thread 0x00000246731d3c10 3511       4       java.lang.invoke.MethodType::makeImpl (109 bytes)
Event: 1.607 Thread 0x000002466d2a5690 3512       3       org.lombokweb.asm.SymbolTable::addConstantIntegerOrFloat (21 bytes)
Event: 1.607 Thread 0x000002466d03b300 3513       1       lombok.patcher.scripts.AddFieldScript::access$0 (5 bytes)
Event: 1.607 Thread 0x000002466d2a5690 nmethod 3512 0x0000024619e6fa90 code [0x0000024619e6fc60, 0x0000024619e6fec8]
Event: 1.607 Thread 0x000002466d03b300 nmethod 3513 0x0000024621445810 code [0x00000246214459a0, 0x0000024621445a50]
Event: 1.621 Thread 0x000002466cfb3150 3514       1       org.eclipse.osgi.internal.loader.sources.PackageSource::getId (5 bytes)
Event: 1.621 Thread 0x000002466cfb3150 nmethod 3514 0x0000024621445b10 code [0x0000024621445ca0, 0x0000024621445d68]
Event: 1.637 Thread 0x000002466d121470 3515       4       java.util.WeakHashMap::hash (28 bytes)
Event: 1.638 Thread 0x000002466d121470 nmethod 3515 0x0000024621445e10 code [0x0000024621445fa0, 0x00000246214460d8]
Event: 1.670 Thread 0x000002466d03bdb0 3516       1       java.util.concurrent.atomic.AtomicLong::get (5 bytes)
Event: 1.670 Thread 0x000002466d03bdb0 nmethod 3516 0x0000024621446190 code [0x0000024621446320, 0x00000246214463f0]

GC Heap History (10 events):
Event: 0.480 GC heap before
{Heap before GC invocations=1 (full 0):
 PSYoungGen      total 29696K, used 25600K [0x00000000eab00000, 0x00000000ecc00000, 0x0000000100000000)
  eden space 25600K, 100% used [0x00000000eab00000,0x00000000ec400000,0x00000000ec400000)
  from space 4096K, 0% used [0x00000000ec800000,0x00000000ec800000,0x00000000ecc00000)
  to   space 4096K, 0% used [0x00000000ec400000,0x00000000ec400000,0x00000000ec800000)
 ParOldGen       total 68608K, used 0K [0x00000000c0000000, 0x00000000c4300000, 0x00000000eab00000)
  object space 68608K, 0% used [0x00000000c0000000,0x00000000c0000000,0x00000000c4300000)
 Metaspace       used 4357K, committed 4608K, reserved 1114112K
  class space    used 466K, committed 576K, reserved 1048576K
}
Event: 0.485 GC heap after
{Heap after GC invocations=1 (full 0):
 PSYoungGen      total 29696K, used 3688K [0x00000000eab00000, 0x00000000ecc00000, 0x0000000100000000)
  eden space 25600K, 0% used [0x00000000eab00000,0x00000000eab00000,0x00000000ec400000)
  from space 4096K, 90% used [0x00000000ec400000,0x00000000ec79a1e0,0x00000000ec800000)
  to   space 4096K, 0% used [0x00000000ec800000,0x00000000ec800000,0x00000000ecc00000)
 ParOldGen       total 68608K, used 16K [0x00000000c0000000, 0x00000000c4300000, 0x00000000eab00000)
  object space 68608K, 0% used [0x00000000c0000000,0x00000000c0004000,0x00000000c4300000)
 Metaspace       used 4357K, committed 4608K, reserved 1114112K
  class space    used 466K, committed 576K, reserved 1048576K
}
Event: 0.805 GC heap before
{Heap before GC invocations=2 (full 0):
 PSYoungGen      total 29696K, used 29288K [0x00000000eab00000, 0x00000000ecc00000, 0x0000000100000000)
  eden space 25600K, 100% used [0x00000000eab00000,0x00000000ec400000,0x00000000ec400000)
  from space 4096K, 90% used [0x00000000ec400000,0x00000000ec79a1e0,0x00000000ec800000)
  to   space 4096K, 0% used [0x00000000ec800000,0x00000000ec800000,0x00000000ecc00000)
 ParOldGen       total 68608K, used 16K [0x00000000c0000000, 0x00000000c4300000, 0x00000000eab00000)
  object space 68608K, 0% used [0x00000000c0000000,0x00000000c0004000,0x00000000c4300000)
 Metaspace       used 8298K, committed 8576K, reserved 1114112K
  class space    used 850K, committed 960K, reserved 1048576K
}
Event: 0.808 GC heap after
{Heap after GC invocations=2 (full 0):
 PSYoungGen      total 29696K, used 4070K [0x00000000eab00000, 0x00000000ecc00000, 0x0000000100000000)
  eden space 25600K, 0% used [0x00000000eab00000,0x00000000eab00000,0x00000000ec400000)
  from space 4096K, 99% used [0x00000000ec800000,0x00000000ecbf9bd0,0x00000000ecc00000)
  to   space 4096K, 0% used [0x00000000ec400000,0x00000000ec400000,0x00000000ec800000)
 ParOldGen       total 68608K, used 200K [0x00000000c0000000, 0x00000000c4300000, 0x00000000eab00000)
  object space 68608K, 0% used [0x00000000c0000000,0x00000000c0032000,0x00000000c4300000)
 Metaspace       used 8298K, committed 8576K, reserved 1114112K
  class space    used 850K, committed 960K, reserved 1048576K
}
Event: 1.022 GC heap before
{Heap before GC invocations=3 (full 0):
 PSYoungGen      total 29696K, used 29639K [0x00000000eab00000, 0x00000000ecc00000, 0x0000000100000000)
  eden space 25600K, 99% used [0x00000000eab00000,0x00000000ec3f82d0,0x00000000ec400000)
  from space 4096K, 99% used [0x00000000ec800000,0x00000000ecbf9bd0,0x00000000ecc00000)
  to   space 4096K, 0% used [0x00000000ec400000,0x00000000ec400000,0x00000000ec800000)
 ParOldGen       total 68608K, used 200K [0x00000000c0000000, 0x00000000c4300000, 0x00000000eab00000)
  object space 68608K, 0% used [0x00000000c0000000,0x00000000c0032000,0x00000000c4300000)
 Metaspace       used 9015K, committed 9344K, reserved 1114112K
  class space    used 907K, committed 1088K, reserved 1048576K
}
Event: 1.025 GC heap after
{Heap after GC invocations=3 (full 0):
 PSYoungGen      total 29696K, used 4093K [0x00000000eab00000, 0x00000000ecc00000, 0x0000000100000000)
  eden space 25600K, 0% used [0x00000000eab00000,0x00000000eab00000,0x00000000ec400000)
  from space 4096K, 99% used [0x00000000ec400000,0x00000000ec7ff7f8,0x00000000ec800000)
  to   space 4096K, 0% used [0x00000000ec800000,0x00000000ec800000,0x00000000ecc00000)
 ParOldGen       total 68608K, used 3276K [0x00000000c0000000, 0x00000000c4300000, 0x00000000eab00000)
  object space 68608K, 4% used [0x00000000c0000000,0x00000000c0333188,0x00000000c4300000)
 Metaspace       used 9015K, committed 9344K, reserved 1114112K
  class space    used 907K, committed 1088K, reserved 1048576K
}
Event: 1.337 GC heap before
{Heap before GC invocations=4 (full 0):
 PSYoungGen      total 29696K, used 29693K [0x00000000eab00000, 0x00000000ecc00000, 0x0000000100000000)
  eden space 25600K, 100% used [0x00000000eab00000,0x00000000ec400000,0x00000000ec400000)
  from space 4096K, 99% used [0x00000000ec400000,0x00000000ec7ff7f8,0x00000000ec800000)
  to   space 4096K, 0% used [0x00000000ec800000,0x00000000ec800000,0x00000000ecc00000)
 ParOldGen       total 68608K, used 3276K [0x00000000c0000000, 0x00000000c4300000, 0x00000000eab00000)
  object space 68608K, 4% used [0x00000000c0000000,0x00000000c0333188,0x00000000c4300000)
 Metaspace       used 13325K, committed 13760K, reserved 1114112K
  class space    used 1324K, committed 1536K, reserved 1048576K
}
Event: 1.340 GC heap after
{Heap after GC invocations=4 (full 0):
 PSYoungGen      total 29696K, used 4066K [0x00000000eab00000, 0x00000000ecc00000, 0x0000000100000000)
  eden space 25600K, 0% used [0x00000000eab00000,0x00000000eab00000,0x00000000ec400000)
  from space 4096K, 99% used [0x00000000ec800000,0x00000000ecbf8888,0x00000000ecc00000)
  to   space 4096K, 0% used [0x00000000ec400000,0x00000000ec400000,0x00000000ec800000)
 ParOldGen       total 68608K, used 4817K [0x00000000c0000000, 0x00000000c4300000, 0x00000000eab00000)
  object space 68608K, 7% used [0x00000000c0000000,0x00000000c04b47d8,0x00000000c4300000)
 Metaspace       used 13325K, committed 13760K, reserved 1114112K
  class space    used 1324K, committed 1536K, reserved 1048576K
}
Event: 1.573 GC heap before
{Heap before GC invocations=5 (full 0):
 PSYoungGen      total 29696K, used 29666K [0x00000000eab00000, 0x00000000ecc00000, 0x0000000100000000)
  eden space 25600K, 100% used [0x00000000eab00000,0x00000000ec400000,0x00000000ec400000)
  from space 4096K, 99% used [0x00000000ec800000,0x00000000ecbf8888,0x00000000ecc00000)
  to   space 4096K, 0% used [0x00000000ec400000,0x00000000ec400000,0x00000000ec800000)
 ParOldGen       total 68608K, used 4817K [0x00000000c0000000, 0x00000000c4300000, 0x00000000eab00000)
  object space 68608K, 7% used [0x00000000c0000000,0x00000000c04b47d8,0x00000000c4300000)
 Metaspace       used 17250K, committed 17856K, reserved 1114112K
  class space    used 1703K, committed 1984K, reserved 1048576K
}
Event: 1.576 GC heap after
{Heap after GC invocations=5 (full 0):
 PSYoungGen      total 29184K, used 4093K [0x00000000eab00000, 0x00000000ed080000, 0x0000000100000000)
  eden space 25088K, 0% used [0x00000000eab00000,0x00000000eab00000,0x00000000ec380000)
  from space 4096K, 99% used [0x00000000ec400000,0x00000000ec7ff738,0x00000000ec800000)
  to   space 6656K, 0% used [0x00000000eca00000,0x00000000eca00000,0x00000000ed080000)
 ParOldGen       total 68608K, used 6779K [0x00000000c0000000, 0x00000000c4300000, 0x00000000eab00000)
  object space 68608K, 9% used [0x00000000c0000000,0x00000000c069ed78,0x00000000c4300000)
 Metaspace       used 17250K, committed 17856K, reserved 1114112K
  class space    used 1703K, committed 1984K, reserved 1048576K
}

Dll operation events (11 events):
Event: 0.029 Loaded shared library c:\Users\smhrd1\.vscode\extensions\redhat.java-1.42.0-win32-x64\jre\21.0.7-win32-x86_64\bin\java.dll
Event: 0.071 Loaded shared library c:\Users\smhrd1\.vscode\extensions\redhat.java-1.42.0-win32-x64\jre\21.0.7-win32-x86_64\bin\zip.dll
Event: 0.112 Loaded shared library C:\Users\smhrd1\.vscode\extensions\redhat.java-1.42.0-win32-x64\jre\21.0.7-win32-x86_64\bin\instrument.dll
Event: 0.117 Loaded shared library C:\Users\smhrd1\.vscode\extensions\redhat.java-1.42.0-win32-x64\jre\21.0.7-win32-x86_64\bin\net.dll
Event: 0.120 Loaded shared library C:\Users\smhrd1\.vscode\extensions\redhat.java-1.42.0-win32-x64\jre\21.0.7-win32-x86_64\bin\nio.dll
Event: 0.122 Loaded shared library C:\Users\smhrd1\.vscode\extensions\redhat.java-1.42.0-win32-x64\jre\21.0.7-win32-x86_64\bin\zip.dll
Event: 0.135 Loaded shared library C:\Users\smhrd1\.vscode\extensions\redhat.java-1.42.0-win32-x64\jre\21.0.7-win32-x86_64\bin\jimage.dll
Event: 0.188 Loaded shared library c:\Users\smhrd1\.vscode\extensions\redhat.java-1.42.0-win32-x64\jre\21.0.7-win32-x86_64\bin\verify.dll
Event: 0.966 Loaded shared library C:\Users\smhrd1\AppData\Roaming\Code\User\globalStorage\redhat.java\1.42.0\config_ss_win\org.eclipse.equinox.launcher\org.eclipse.equinox.launcher.win32.win32.x86_64_1.2.1300.v20250331-1702\eclipse_11911.dll
Event: 1.431 Loaded shared library C:\Users\smhrd1\.vscode\extensions\redhat.java-1.42.0-win32-x64\jre\21.0.7-win32-x86_64\bin\management.dll
Event: 1.435 Loaded shared library C:\Users\smhrd1\.vscode\extensions\redhat.java-1.42.0-win32-x64\jre\21.0.7-win32-x86_64\bin\management_ext.dll

Deoptimization events (20 events):
Event: 1.537 Thread 0x000002467393d600 Uncommon trap: trap_request=0xffffffde fr.pc=0x000002462142bebc relative=0x00000000000001fc
Event: 1.537 Thread 0x000002467393d600 Uncommon trap: reason=class_check action=maybe_recompile pc=0x000002462142bebc method=java.util.regex.Pattern$BmpCharPropertyGreedy.match(Ljava/util/regex/Matcher;ILjava/lang/CharSequence;)Z @ 70 c2
Event: 1.537 Thread 0x000002467393d600 DEOPT PACKING pc=0x000002462142bebc sp=0x0000005e7c1ef330
Event: 1.537 Thread 0x000002467393d600 DEOPT UNPACKING pc=0x0000024620be3aa2 sp=0x0000005e7c1ef2d8 mode 2
Event: 1.537 Thread 0x000002467393d600 Uncommon trap: trap_request=0xffffff45 fr.pc=0x000002462142c8ec relative=0x00000000000004ec
Event: 1.537 Thread 0x000002467393d600 Uncommon trap: reason=unstable_if action=reinterpret pc=0x000002462142c8ec method=java.util.regex.Matcher.search(I)Z @ 30 c2
Event: 1.537 Thread 0x000002467393d600 DEOPT PACKING pc=0x000002462142c8ec sp=0x0000005e7c1ef890
Event: 1.537 Thread 0x000002467393d600 DEOPT UNPACKING pc=0x0000024620be3aa2 sp=0x0000005e7c1ef860 mode 2
Event: 1.537 Thread 0x000002467393d600 Uncommon trap: trap_request=0xffffffde fr.pc=0x000002462142bebc relative=0x00000000000001fc
Event: 1.537 Thread 0x000002467393d600 Uncommon trap: reason=class_check action=maybe_recompile pc=0x000002462142bebc method=java.util.regex.Pattern$BmpCharPropertyGreedy.match(Ljava/util/regex/Matcher;ILjava/lang/CharSequence;)Z @ 70 c2
Event: 1.537 Thread 0x000002467393d600 DEOPT PACKING pc=0x000002462142bebc sp=0x0000005e7c1ef4f0
Event: 1.537 Thread 0x000002467393d600 DEOPT UNPACKING pc=0x0000024620be3aa2 sp=0x0000005e7c1ef498 mode 2
Event: 1.537 Thread 0x000002467393d600 Uncommon trap: trap_request=0xffffffde fr.pc=0x000002462142bebc relative=0x00000000000001fc
Event: 1.537 Thread 0x000002467393d600 Uncommon trap: reason=class_check action=maybe_recompile pc=0x000002462142bebc method=java.util.regex.Pattern$BmpCharPropertyGreedy.match(Ljava/util/regex/Matcher;ILjava/lang/CharSequence;)Z @ 70 c2
Event: 1.537 Thread 0x000002467393d600 DEOPT PACKING pc=0x000002462142bebc sp=0x0000005e7c1ef340
Event: 1.537 Thread 0x000002467393d600 DEOPT UNPACKING pc=0x0000024620be3aa2 sp=0x0000005e7c1ef2e8 mode 2
Event: 1.565 Thread 0x000002467393d600 Uncommon trap: trap_request=0xffffff45 fr.pc=0x000002462143c7ac relative=0x00000000000007ac
Event: 1.565 Thread 0x000002467393d600 Uncommon trap: reason=unstable_if action=reinterpret pc=0x000002462143c7ac method=org.lombokweb.asm.ClassReader.readUTF8(I[C)Ljava/lang/String; @ 11 c2
Event: 1.565 Thread 0x000002467393d600 DEOPT PACKING pc=0x000002462143c7ac sp=0x0000005e7c1ef480
Event: 1.565 Thread 0x000002467393d600 DEOPT UNPACKING pc=0x0000024620be3aa2 sp=0x0000005e7c1ef468 mode 2

Classes loaded (20 events):
Event: 1.546 Loading class java/io/StringReader
Event: 1.546 Loading class java/io/StringReader done
Event: 1.549 Loading class java/util/zip/GZIPInputStream
Event: 1.549 Loading class java/util/zip/GZIPInputStream done
Event: 1.551 Loading class java/net/SocketTimeoutException
Event: 1.551 Loading class java/io/InterruptedIOException
Event: 1.551 Loading class java/io/InterruptedIOException done
Event: 1.551 Loading class java/net/SocketTimeoutException done
Event: 1.551 Loading class java/net/SocketException
Event: 1.551 Loading class java/net/SocketException done
Event: 1.551 Loading class java/net/UnknownHostException
Event: 1.551 Loading class java/net/UnknownHostException done
Event: 1.551 Loading class java/net/ProtocolException
Event: 1.551 Loading class java/net/ProtocolException done
Event: 1.559 Loading class java/lang/ThreadLocal$SuppliedThreadLocal
Event: 1.559 Loading class java/lang/ThreadLocal$SuppliedThreadLocal done
Event: 1.561 Loading class java/io/FileWriter
Event: 1.561 Loading class java/io/FileWriter done
Event: 1.591 Loading class java/lang/NegativeArraySizeException
Event: 1.591 Loading class java/lang/NegativeArraySizeException done

Classes unloaded (0 events):
No events

Classes redefined (0 events):
No events

Internal exceptions (20 events):
Event: 1.403 Thread 0x000002467393d600 Exception <a 'java/lang/NoSuchMethodError'{0x00000000eb0d2050}: 'void java.lang.invoke.Invokers$Holder.invokeExact_MT(java.lang.Object, java.lang.Object, java.lang.Object, java.lang.Object)'> (0x00000000eb0d2050) 
thrown [s\src\hotspot\share\interpreter\linkResolver.cpp, line 773]
Event: 1.421 Thread 0x000002467393d600 Exception <a 'java/io/FileNotFoundException'{0x00000000eb2038b0}> (0x00000000eb2038b0) 
thrown [s\src\hotspot\share\prims\jni.cpp, line 520]
Event: 1.424 Thread 0x000002467393d600 Exception <a 'java/io/FileNotFoundException'{0x00000000eb21fe00}> (0x00000000eb21fe00) 
thrown [s\src\hotspot\share\prims\jni.cpp, line 520]
Event: 1.424 Thread 0x000002467393d600 Exception <a 'java/io/FileNotFoundException'{0x00000000eb227680}> (0x00000000eb227680) 
thrown [s\src\hotspot\share\prims\jni.cpp, line 520]
Event: 1.484 Thread 0x000002467393d600 Exception <a 'java/lang/NoSuchMethodError'{0x00000000eb7d6aa0}: 'java.lang.Object java.lang.invoke.DirectMethodHandle$Holder.newInvokeSpecial(java.lang.Object, java.lang.Object, java.lang.Object, java.lang.Object, java.lang.Object)'> (0x00000000eb7d6aa0) 
thrown [s\src\hotspot\share\interpreter\linkResolver.cpp, line 773]
Event: 1.493 Thread 0x000002467393d600 Exception <a 'java/lang/NoSuchMethodError'{0x00000000eb8b3878}: 'java.lang.Object java.lang.invoke.DirectMethodHandle$Holder.invokeSpecial(java.lang.Object, java.lang.Object, java.lang.Object, long, java.lang.Object)'> (0x00000000eb8b3878) 
thrown [s\src\hotspot\share\interpreter\linkResolver.cpp, line 773]
Event: 1.494 Thread 0x000002467393d600 Exception <a 'java/lang/NoSuchMethodError'{0x00000000eb8bb008}: 'java.lang.Object java.lang.invoke.DirectMethodHandle$Holder.newInvokeSpecial(java.lang.Object, java.lang.Object, java.lang.Object, long)'> (0x00000000eb8bb008) 
thrown [s\src\hotspot\share\interpreter\linkResolver.cpp, line 773]
Event: 1.494 Thread 0x000002467393d600 Exception <a 'java/lang/NoSuchMethodError'{0x00000000eb8bec88}: 'java.lang.Object java.lang.invoke.Invokers$Holder.linkToTargetMethod(java.lang.Object, java.lang.Object, long, java.lang.Object)'> (0x00000000eb8bec88) 
thrown [s\src\hotspot\share\interpreter\linkResolver.cpp, line 773]
Event: 1.502 Thread 0x000002467393d600 Exception <a 'java/lang/IncompatibleClassChangeError'{0x00000000eb9a1388}: Found class java.lang.Object, but interface was expected> (0x00000000eb9a1388) 
thrown [s\src\hotspot\share\interpreter\linkResolver.cpp, line 840]
Event: 1.502 Thread 0x000002467393d600 Exception <a 'java/lang/NoSuchMethodError'{0x00000000eb9a4d58}: 'java.lang.Object java.lang.invoke.DirectMethodHandle$Holder.invokeSpecial(java.lang.Object, java.lang.Object, java.lang.Object, int, java.lang.Object, java.lang.Object)'> (0x00000000eb9a4d58) 
thrown [s\src\hotspot\share\interpreter\linkResolver.cpp, line 773]
Event: 1.502 Thread 0x000002467393d600 Exception <a 'java/lang/NoSuchMethodError'{0x00000000eb9ac5f0}: 'java.lang.Object java.lang.invoke.DirectMethodHandle$Holder.newInvokeSpecial(java.lang.Object, java.lang.Object, java.lang.Object, int, java.lang.Object)'> (0x00000000eb9ac5f0) 
thrown [s\src\hotspot\share\interpreter\linkResolver.cpp, line 773]
Event: 1.503 Thread 0x000002467393d600 Exception <a 'java/lang/NoSuchMethodError'{0x00000000eb9b00e0}: 'java.lang.Object java.lang.invoke.Invokers$Holder.linkToTargetMethod(java.lang.Object, java.lang.Object, int, java.lang.Object, java.lang.Object)'> (0x00000000eb9b00e0) 
thrown [s\src\hotspot\share\interpreter\linkResolver.cpp, line 773]
Event: 1.503 Thread 0x0000024673dc4610 Exception <a 'java/lang/NoSuchMethodError'{0x00000000eb8f6fc8}: 'java.lang.Object java.lang.invoke.DirectMethodHandle$Holder.invokeSpecial(java.lang.Object, java.lang.Object, int, java.lang.Object, java.lang.Object)'> (0x00000000eb8f6fc8) 
thrown [s\src\hotspot\share\interpreter\linkResolver.cpp, line 773]
Event: 1.503 Thread 0x0000024673dc4610 Exception <a 'java/lang/NoSuchMethodError'{0x00000000eb8fdd00}: 'java.lang.Object java.lang.invoke.DirectMethodHandle$Holder.newInvokeSpecial(java.lang.Object, java.lang.Object, int, java.lang.Object)'> (0x00000000eb8fdd00) 
thrown [s\src\hotspot\share\interpreter\linkResolver.cpp, line 773]
Event: 1.513 Thread 0x000002467393d600 Exception <a 'java/lang/NoSuchMethodError'{0x00000000ebad1560}: 'void java.lang.invoke.DirectMethodHandle$Holder.invokeSpecial(java.lang.Object, java.lang.Object, java.lang.Object, java.lang.Object, java.lang.Object)'> (0x00000000ebad1560) 
thrown [s\src\hotspot\share\interpreter\linkResolver.cpp, line 773]
Event: 1.529 Thread 0x000002467393d600 Exception <a 'java/lang/NoSuchMethodError'{0x00000000ebc8b6b8}: 'double java.lang.invoke.DirectMethodHandle$Holder.invokeStatic(java.lang.Object, java.lang.Object)'> (0x00000000ebc8b6b8) 
thrown [s\src\hotspot\share\interpreter\linkResolver.cpp, line 773]
Event: 1.529 Thread 0x000002467393d600 Exception <a 'java/lang/NoSuchMethodError'{0x00000000ebc8ed78}: 'double java.lang.invoke.DirectMethodHandle$Holder.invokeStaticInit(java.lang.Object, java.lang.Object)'> (0x00000000ebc8ed78) 
thrown [s\src\hotspot\share\interpreter\linkResolver.cpp, line 773]
Event: 1.594 Thread 0x000002467393d600 Exception <a 'java/io/FileNotFoundException'{0x00000000eb349058}> (0x00000000eb349058) 
thrown [s\src\hotspot\share\prims\jni.cpp, line 520]
Event: 1.594 Thread 0x000002467393d600 Exception <a 'java/io/FileNotFoundException'{0x00000000eb34a1c8}> (0x00000000eb34a1c8) 
thrown [s\src\hotspot\share\prims\jni.cpp, line 520]
Event: 1.594 Thread 0x000002467393d600 Exception <a 'java/io/FileNotFoundException'{0x00000000eb34b430}> (0x00000000eb34b430) 
thrown [s\src\hotspot\share\prims\jni.cpp, line 520]

ZGC Phase Switch (0 events):
No events

VM Operations (20 events):
Event: 1.022 Executing VM operation: ParallelGCFailedAllocation (Allocation Failure)
Event: 1.025 Executing VM operation: ParallelGCFailedAllocation (Allocation Failure) done
Event: 1.115 Executing VM operation: HandshakeAllThreads (Deoptimize)
Event: 1.115 Executing VM operation: HandshakeAllThreads (Deoptimize) done
Event: 1.258 Executing VM operation: ICBufferFull
Event: 1.258 Executing VM operation: ICBufferFull done
Event: 1.327 Executing VM operation: HandshakeAllThreads (Deoptimize)
Event: 1.327 Executing VM operation: HandshakeAllThreads (Deoptimize) done
Event: 1.337 Executing VM operation: ParallelGCFailedAllocation (Allocation Failure)
Event: 1.340 Executing VM operation: ParallelGCFailedAllocation (Allocation Failure) done
Event: 1.450 Executing VM operation: HandshakeAllThreads (Deoptimize)
Event: 1.450 Executing VM operation: HandshakeAllThreads (Deoptimize) done
Event: 1.453 Executing VM operation: HandshakeAllThreads (Deoptimize)
Event: 1.453 Executing VM operation: HandshakeAllThreads (Deoptimize) done
Event: 1.462 Executing VM operation: HandshakeAllThreads (Deoptimize)
Event: 1.462 Executing VM operation: HandshakeAllThreads (Deoptimize) done
Event: 1.573 Executing VM operation: ParallelGCFailedAllocation (Allocation Failure)
Event: 1.576 Executing VM operation: ParallelGCFailedAllocation (Allocation Failure) done
Event: 2.576 Executing VM operation: Cleanup
Event: 2.576 Executing VM operation: Cleanup done

Memory protections (0 events):
No events

Nmethod flushes (0 events):
No events

Events (20 events):
Event: 0.960 Thread 0x000002461654bab0 Thread added: 0x000002467393c250
Event: 0.982 Thread 0x000002467393c250 Thread added: 0x000002467393cf70
Event: 0.983 Thread 0x000002467393c250 Thread added: 0x000002467393e320
Event: 0.983 Thread 0x000002467393c250 Thread added: 0x000002467393dc90
Event: 0.983 Thread 0x000002467393c250 Thread added: 0x000002467393aea0
Event: 0.983 Thread 0x000002467393c250 Thread added: 0x000002467393b530
Event: 0.983 Thread 0x000002467393e320 Thread added: 0x000002467393bbc0
Event: 0.983 Thread 0x000002467393cf70 Thread added: 0x000002467393c8e0
Event: 0.983 Thread 0x000002467393c250 Thread added: 0x0000024673dc1eb0
Event: 0.983 Thread 0x000002467393b530 Thread added: 0x0000024673dc2540
Event: 0.983 Thread 0x000002467393c250 Thread added: 0x0000024673dc2bd0
Event: 0.983 Thread 0x000002467393c250 Thread added: 0x0000024673dbfde0
Event: 0.983 Thread 0x000002467393c250 Thread added: 0x0000024673dc0470
Event: 0.983 Thread 0x000002467393c250 Thread added: 0x0000024673dc1820
Event: 0.983 Thread 0x000002467393c250 Thread added: 0x0000024673dc3260
Event: 1.047 Thread 0x000002467393d600 Thread added: 0x0000024673dc0b00
Event: 1.108 Thread 0x000002467393d600 Thread added: 0x0000024673dc38f0
Event: 1.351 Thread 0x000002467393d600 Thread added: 0x0000024673dc3f80
Event: 1.495 Thread 0x000002467393d600 Thread added: 0x0000024673dc4610
Event: 1.503 Thread 0x000002467393d600 Thread added: 0x0000024673dc1190


Dynamic libraries:
0x00007ff622be0000 - 0x00007ff622bee000 	c:\Users\smhrd1\.vscode\extensions\redhat.java-1.42.0-win32-x64\jre\21.0.7-win32-x86_64\bin\java.exe
0x00007ffed2ca0000 - 0x00007ffed2f06000 	C:\WINDOWS\SYSTEM32\ntdll.dll
0x00007ffed1340000 - 0x00007ffed1409000 	C:\WINDOWS\System32\KERNEL32.DLL
0x00007ffecff20000 - 0x00007ffed02ec000 	C:\WINDOWS\System32\KERNELBASE.dll
0x00007ffed0910000 - 0x00007ffed0a5b000 	C:\WINDOWS\System32\ucrtbase.dll
0x00007ffec4e80000 - 0x00007ffec4e9e000 	c:\Users\smhrd1\.vscode\extensions\redhat.java-1.42.0-win32-x64\jre\21.0.7-win32-x86_64\bin\VCRUNTIME140.dll
0x00007ffea1790000 - 0x00007ffea17a8000 	c:\Users\smhrd1\.vscode\extensions\redhat.java-1.42.0-win32-x64\jre\21.0.7-win32-x86_64\bin\jli.dll
0x00007ffed22f0000 - 0x00007ffed24ba000 	C:\WINDOWS\System32\USER32.dll
0x00007ffecfe30000 - 0x00007ffecfe57000 	C:\WINDOWS\System32\win32u.dll
0x00007ffed0ad0000 - 0x00007ffed0afb000 	C:\WINDOWS\System32\GDI32.dll
0x00007ffead010000 - 0x00007ffead2aa000 	C:\WINDOWS\WinSxS\amd64_microsoft.windows.common-controls_6595b64144ccf1df_6.0.26100.3912_none_3e07963ce335137e\COMCTL32.dll
0x00007ffed0730000 - 0x00007ffed0862000 	C:\WINDOWS\System32\gdi32full.dll
0x00007ffed02f0000 - 0x00007ffed0393000 	C:\WINDOWS\System32\msvcp_win.dll
0x00007ffed1290000 - 0x00007ffed1339000 	C:\WINDOWS\System32\msvcrt.dll
0x00007ffed2660000 - 0x00007ffed2690000 	C:\WINDOWS\System32\IMM32.DLL
0x00007ffea2040000 - 0x00007ffea204c000 	c:\Users\smhrd1\.vscode\extensions\redhat.java-1.42.0-win32-x64\jre\21.0.7-win32-x86_64\bin\vcruntime140_1.dll
0x00007ffe4d980000 - 0x00007ffe4da0d000 	c:\Users\smhrd1\.vscode\extensions\redhat.java-1.42.0-win32-x64\jre\21.0.7-win32-x86_64\bin\msvcp140.dll
0x00007ffe0b540000 - 0x00007ffe0c2d0000 	c:\Users\smhrd1\.vscode\extensions\redhat.java-1.42.0-win32-x64\jre\21.0.7-win32-x86_64\bin\server\jvm.dll
0x00007ffed2ba0000 - 0x00007ffed2c52000 	C:\WINDOWS\System32\ADVAPI32.dll
0x00007ffed1410000 - 0x00007ffed14b6000 	C:\WINDOWS\System32\sechost.dll
0x00007ffed2090000 - 0x00007ffed21a6000 	C:\WINDOWS\System32\RPCRT4.dll
0x00007ffed24c0000 - 0x00007ffed2534000 	C:\WINDOWS\System32\WS2_32.dll
0x00007ffecea80000 - 0x00007ffeceade000 	C:\WINDOWS\SYSTEM32\POWRPROF.dll
0x00007ffec0d00000 - 0x00007ffec0d36000 	C:\WINDOWS\SYSTEM32\WINMM.dll
0x00007ffec3b40000 - 0x00007ffec3b4b000 	C:\WINDOWS\SYSTEM32\VERSION.dll
0x00007ffecea60000 - 0x00007ffecea74000 	C:\WINDOWS\SYSTEM32\UMPDC.dll
0x00007ffeced10000 - 0x00007ffeced2a000 	C:\WINDOWS\SYSTEM32\kernel.appcore.dll
0x00007ffea1780000 - 0x00007ffea178a000 	c:\Users\smhrd1\.vscode\extensions\redhat.java-1.42.0-win32-x64\jre\21.0.7-win32-x86_64\bin\jimage.dll
0x00007ffecd050000 - 0x00007ffecd291000 	C:\WINDOWS\SYSTEM32\DBGHELP.DLL
0x00007ffed2810000 - 0x00007ffed2b94000 	C:\WINDOWS\System32\combase.dll
0x00007ffed1870000 - 0x00007ffed1950000 	C:\WINDOWS\System32\OLEAUT32.dll
0x00007ffea9f80000 - 0x00007ffea9fb9000 	C:\WINDOWS\SYSTEM32\dbgcore.DLL
0x00007ffed0870000 - 0x00007ffed0909000 	C:\WINDOWS\System32\bcryptPrimitives.dll
0x00007ffea1770000 - 0x00007ffea177f000 	c:\Users\smhrd1\.vscode\extensions\redhat.java-1.42.0-win32-x64\jre\21.0.7-win32-x86_64\bin\instrument.dll
0x00007ffe9db80000 - 0x00007ffe9db9f000 	c:\Users\smhrd1\.vscode\extensions\redhat.java-1.42.0-win32-x64\jre\21.0.7-win32-x86_64\bin\java.dll
0x00007ffed1960000 - 0x00007ffed208d000 	C:\WINDOWS\System32\SHELL32.dll
0x00007ffed05b0000 - 0x00007ffed0724000 	C:\WINDOWS\System32\wintypes.dll
0x00007ffecdae0000 - 0x00007ffece336000 	C:\WINDOWS\SYSTEM32\windows.storage.dll
0x00007ffed2560000 - 0x00007ffed264f000 	C:\WINDOWS\System32\SHCORE.dll
0x00007ffed0a60000 - 0x00007ffed0ac9000 	C:\WINDOWS\System32\shlwapi.dll
0x00007ffecfd40000 - 0x00007ffecfd6f000 	C:\WINDOWS\SYSTEM32\profapi.dll
0x00007ffe9c780000 - 0x00007ffe9c798000 	c:\Users\smhrd1\.vscode\extensions\redhat.java-1.42.0-win32-x64\jre\21.0.7-win32-x86_64\bin\zip.dll
0x00007ffea07d0000 - 0x00007ffea07e0000 	C:\Users\smhrd1\.vscode\extensions\redhat.java-1.42.0-win32-x64\jre\21.0.7-win32-x86_64\bin\net.dll
0x00007ffec5d60000 - 0x00007ffec5e7e000 	C:\WINDOWS\SYSTEM32\WINHTTP.dll
0x00007ffecf280000 - 0x00007ffecf2ea000 	C:\WINDOWS\system32\mswsock.dll
0x00007ffe9c740000 - 0x00007ffe9c756000 	C:\Users\smhrd1\.vscode\extensions\redhat.java-1.42.0-win32-x64\jre\21.0.7-win32-x86_64\bin\nio.dll
0x00007ffe9d820000 - 0x00007ffe9d830000 	c:\Users\smhrd1\.vscode\extensions\redhat.java-1.42.0-win32-x64\jre\21.0.7-win32-x86_64\bin\verify.dll
0x00007ffe9bc90000 - 0x00007ffe9bcd5000 	C:\Users\smhrd1\AppData\Roaming\Code\User\globalStorage\redhat.java\1.42.0\config_ss_win\org.eclipse.equinox.launcher\org.eclipse.equinox.launcher.win32.win32.x86_64_1.2.1300.v20250331-1702\eclipse_11911.dll
0x00007ffed1570000 - 0x00007ffed170f000 	C:\WINDOWS\System32\ole32.dll
0x00007ffe9cb50000 - 0x00007ffe9cb5a000 	C:\Users\smhrd1\.vscode\extensions\redhat.java-1.42.0-win32-x64\jre\21.0.7-win32-x86_64\bin\management.dll
0x00007ffe9c970000 - 0x00007ffe9c97b000 	C:\Users\smhrd1\.vscode\extensions\redhat.java-1.42.0-win32-x64\jre\21.0.7-win32-x86_64\bin\management_ext.dll
0x00007ffed22d0000 - 0x00007ffed22d8000 	C:\WINDOWS\System32\PSAPI.DLL

dbghelp: loaded successfully - version: 4.0.5 - missing functions: none
symbol engine: initialized successfully - sym options: 0x614 - pdb path: .;c:\Users\smhrd1\.vscode\extensions\redhat.java-1.42.0-win32-x64\jre\21.0.7-win32-x86_64\bin;C:\WINDOWS\SYSTEM32;C:\WINDOWS\WinSxS\amd64_microsoft.windows.common-controls_6595b64144ccf1df_6.0.26100.3912_none_3e07963ce335137e;c:\Users\smhrd1\.vscode\extensions\redhat.java-1.42.0-win32-x64\jre\21.0.7-win32-x86_64\bin\server;C:\Users\smhrd1\AppData\Roaming\Code\User\globalStorage\redhat.java\1.42.0\config_ss_win\org.eclipse.equinox.launcher\org.eclipse.equinox.launcher.win32.win32.x86_64_1.2.1300.v20250331-1702

VM Arguments:
jvm_args: --add-modules=ALL-SYSTEM --add-opens=java.base/java.util=ALL-UNNAMED --add-opens=java.base/java.lang=ALL-UNNAMED --add-opens=java.base/sun.nio.fs=ALL-UNNAMED -Declipse.application=org.eclipse.jdt.ls.core.id1 -Dosgi.bundles.defaultStartLevel=4 -Declipse.product=org.eclipse.jdt.ls.core.product -Djava.import.generatesMetadataFilesAtProjectRoot=false -DDetectVMInstallationsJob.disabled=true -Dfile.encoding=utf8 -XX:+UseParallelGC -XX:GCTimeRatio=4 -XX:AdaptiveSizePolicyWeight=90 -Dsun.zip.disableMemoryMapping=true -Xmx1G -Xms100m -Xlog:disable -javaagent:c:\Users\smhrd1\.vscode\extensions\redhat.java-1.42.0-win32-x64\lombok\lombok-1.18.36.jar 
java_command: c:\Users\smhrd1\.vscode\extensions\redhat.java-1.42.0-win32-x64\server\plugins\org.eclipse.equinox.launcher_1.7.0.v20250424-1814.jar -configuration c:\Users\smhrd1\AppData\Roaming\Code\User\globalStorage\redhat.java\1.42.0\config_ss_win -data c:\Users\smhrd1\AppData\Roaming\Code\User\workspaceStorage\26beed1fdc61ede829de1ffe0dcefc2a\redhat.java\ss_ws --pipe=\\.\pipe\lsp-fcd7340d5a1a63130fa552678f0400b5-sock
java_class_path (initial): c:\Users\smhrd1\.vscode\extensions\redhat.java-1.42.0-win32-x64\server\plugins\org.eclipse.equinox.launcher_1.7.0.v20250424-1814.jar
Launcher Type: SUN_STANDARD

[Global flags]
    uintx AdaptiveSizePolicyWeight                 = 90                                        {product} {command line}
     intx CICompilerCount                          = 12                                        {product} {ergonomic}
    uintx GCTimeRatio                              = 4                                         {product} {command line}
   size_t InitialHeapSize                          = 104857600                                 {product} {command line}
   size_t MaxHeapSize                              = 1073741824                                {product} {command line}
   size_t MaxNewSize                               = 357564416                                 {product} {ergonomic}
   size_t MinHeapDeltaBytes                        = 524288                                    {product} {ergonomic}
   size_t MinHeapSize                              = 104857600                                 {product} {command line}
   size_t NewSize                                  = 34603008                                  {product} {ergonomic}
    uintx NonNMethodCodeHeapSize                   = 7602480                                {pd product} {ergonomic}
    uintx NonProfiledCodeHeapSize                  = 122027880                              {pd product} {ergonomic}
   size_t OldSize                                  = 70254592                                  {product} {ergonomic}
    uintx ProfiledCodeHeapSize                     = 122027880                              {pd product} {ergonomic}
    uintx ReservedCodeCacheSize                    = 251658240                              {pd product} {ergonomic}
     bool SegmentedCodeCache                       = true                                      {product} {ergonomic}
   size_t SoftMaxHeapSize                          = 1073741824                             {manageable} {ergonomic}
     bool UseCompressedOops                        = true                           {product lp64_product} {ergonomic}
     bool UseLargePagesIndividualAllocation        = false                                  {pd product} {ergonomic}
     bool UseParallelGC                            = true                                      {product} {command line}

Logging:
Log output configuration:
 #0: stdout all=off uptime,level,tags foldmultilines=false
 #1: stderr all=off uptime,level,tags foldmultilines=false

Environment Variables:
PATH=C:\Program Files\Common Files\Oracle\Java\javapath;C:\Program Files (x86)\Common Files\Oracle\Java\java8path;C:\Program Files (x86)\Common Files\Oracle\Java\javapath;C:\oraclexe\app\oracle\product\11.2.0\server\bin;C:\WINDOWS\system32;C:\WINDOWS;C:\WINDOWS\System32\Wbem;C:\WINDOWS\System32\WindowsPowerShell\v1.0\;C:\WINDOWS\System32\OpenSSH\;C:\Program Files\Bandizip\;C:\ADP_ENV\ADP_test\Scripts;C:\Program Files\Git\cmd;C:\Program Files\PuTTY\;C:\ADP_ENV\ADP_test\Scripts;C:\Users\smhrd1\AppData\Local\Microsoft\WindowsApps;C:\Program Files\Java\jdk-21\bin;C:\Users\smhrd1\AppData\Local\Programs\Microsoft VS Code\bin;C:\Users\smhrd1\AppData\Local\GitHubDesktop\bin;
USERNAME=smhrd1
OS=Windows_NT
PROCESSOR_IDENTIFIER=Intel64 Family 6 Model 154 Stepping 3, GenuineIntel
TMP=C:\Users\smhrd1\AppData\Local\Temp
TEMP=C:\Users\smhrd1\AppData\Local\Temp




Periodic native trim disabled

---------------  S Y S T E M  ---------------

OS:
 Windows 11 , 64 bit Build 26100 (10.0.26100.3912)
OS uptime: 6 days 21:56 hours

CPU: total 20 (initial active 20) (10 cores per cpu, 2 threads per core) family 6 model 154 stepping 3 microcode 0x42c, cx8, cmov, fxsr, ht, mmx, 3dnowpref, sse, sse2, sse3, ssse3, sse4.1, sse4.2, popcnt, lzcnt, tsc, tscinvbit, avx, avx2, aes, erms, clmul, bmi1, bmi2, adx, sha, fma, vzeroupper, clflush, clflushopt, clwb, serialize, rdtscp, rdpid, fsrm, f16c, pku, cet_ibt, cet_ss
Processor Information for processor 0
  Max Mhz: 2300, Current Mhz: 2300, Mhz Limit: 2300
Processor Information for processor 1
  Max Mhz: 2300, Current Mhz: 2300, Mhz Limit: 2300
Processor Information for processor 2
  Max Mhz: 2300, Current Mhz: 2300, Mhz Limit: 2300
Processor Information for processor 3
  Max Mhz: 2300, Current Mhz: 2300, Mhz Limit: 2300
Processor Information for processor 4
  Max Mhz: 2300, Current Mhz: 2300, Mhz Limit: 2300
Processor Information for processor 5
  Max Mhz: 2300, Current Mhz: 2300, Mhz Limit: 2300
Processor Information for processor 6
  Max Mhz: 2300, Current Mhz: 2300, Mhz Limit: 2300
Processor Information for processor 7
  Max Mhz: 2300, Current Mhz: 2300, Mhz Limit: 2300
Processor Information for processor 8
  Max Mhz: 2300, Current Mhz: 2300, Mhz Limit: 2300
Processor Information for processor 9
  Max Mhz: 2300, Current Mhz: 2300, Mhz Limit: 2300
Processor Information for processor 10
  Max Mhz: 2300, Current Mhz: 2300, Mhz Limit: 2300
Processor Information for processor 11
  Max Mhz: 2300, Current Mhz: 2300, Mhz Limit: 2300
Processor Information for processor 12
  Max Mhz: 2300, Current Mhz: 1500, Mhz Limit: 1679
Processor Information for processor 13
  Max Mhz: 2300, Current Mhz: 1700, Mhz Limit: 1679
Processor Information for processor 14
  Max Mhz: 2300, Current Mhz: 1700, Mhz Limit: 1679
Processor Information for processor 15
  Max Mhz: 2300, Current Mhz: 1700, Mhz Limit: 1679
Processor Information for processor 16
  Max Mhz: 2300, Current Mhz: 1700, Mhz Limit: 1679
Processor Information for processor 17
  Max Mhz: 2300, Current Mhz: 1500, Mhz Limit: 1679
Processor Information for processor 18
  Max Mhz: 2300, Current Mhz: 1700, Mhz Limit: 1679
Processor Information for processor 19
  Max Mhz: 2300, Current Mhz: 1700, Mhz Limit: 1679

Memory: 4k page, system-wide physical 16049M (684M free)
TotalPageFile size 46345M (AvailPageFile size 45M)
current process WorkingSet (physical memory assigned to process): 140M, peak: 140M
current process commit charge ("private bytes"): 271M, peak: 272M

vm_info: OpenJDK 64-Bit Server VM (21.0.7+6-LTS) for windows-amd64 JRE (21.0.7+6-LTS), built on 2025-04-15T00:00:00Z by "admin" with MS VC++ 17.7 (VS2022)

END.
